# JRE version: OpenJDK Runtime Environment Microsoft-8035246 (17.0.8+7) (build 17.0.8+7-LTS)
# Java VM: OpenJDK 64-Bit Server VM Microsoft-8035246 (17.0.8+7-LTS, mixed mode, sharing, tiered, compressed oops, compressed class ptrs, g1 gc, windows-amd64)
GC Precious Log:
 CPUs: 4 total, 4 available
 Memory: 8058M
 Large Page Support: Disabled
 NUMA Support: Disabled
 Compressed Oops: Enabled (32-bit)
 Heap Region Size: 1M
 Heap Min Capacity: 8M
 Heap Initial Capacity: 126M
 Heap Max Capacity: 2G
 Pre-touch: Disabled
 Parallel Workers: 4
 Concurrent Workers: 1
 Concurrent Refinement Workers: 4
 Periodic GC: Disabled
Heap:
 garbage-first heap   total 440320K, used 270848K [0x0000000080000000, 0x0000000100000000)
  region size 1024K, 85 young (87040K), 15 survivors (15360K)
 Metaspace       used 107309K, committed 108608K, reserved 557056K
  class space    used 14858K, committed 15488K, reserved 425984K
GC Heap History (20 events):
Event: 38.173 GC heap before
{Heap before GC invocations=40 (full 0):
 garbage-first heap   total 202752K, used 151656K [0x0000000080000000, 0x0000000100000000)
  region size 1024K, 65 young (66560K), 8 survivors (8192K)
 Metaspace       used 82584K, committed 83392K, reserved 557056K
  class space    used 11488K, committed 11904K, reserved 425984K
}
Event: 38.186 GC heap after
{Heap after GC invocations=41 (full 0):
 garbage-first heap   total 202752K, used 94081K [0x0000000080000000, 0x0000000100000000)
  region size 1024K, 2 young (2048K), 2 survivors (2048K)
 Metaspace       used 82584K, committed 83392K, reserved 557056K
  class space    used 11488K, committed 11904K, reserved 425984K
}
Event: 39.193 GC heap before
{Heap before GC invocations=41 (full 0):
 garbage-first heap   total 202752K, used 155521K [0x0000000080000000, 0x0000000100000000)
  region size 1024K, 62 young (63488K), 2 survivors (2048K)
 Metaspace       used 86774K, committed 87616K, reserved 557056K
  class space    used 12192K, committed 12608K, reserved 425984K
}
Event: 39.202 GC heap after
{Heap after GC invocations=42 (full 0):
 garbage-first heap   total 202752K, used 96527K [0x0000000080000000, 0x0000000100000000)
  region size 1024K, 5 young (5120K), 5 survivors (5120K)
 Metaspace       used 86774K, committed 87616K, reserved 557056K
  class space    used 12192K, committed 12608K, reserved 425984K
}
Event: 40.216 GC heap before
{Heap before GC invocations=43 (full 0):
 garbage-first heap   total 202752K, used 158991K [0x0000000080000000, 0x0000000100000000)
  region size 1024K, 66 young (67584K), 5 survivors (5120K)
 Metaspace       used 88874K, committed 89792K, reserved 557056K
  class space    used 12513K, committed 12928K, reserved 425984K
}
Event: 40.235 GC heap after
{Heap after GC invocations=44 (full 0):
 garbage-first heap   total 202752K, used 102867K [0x0000000080000000, 0x0000000100000000)
  region size 1024K, 9 young (9216K), 9 survivors (9216K)
 Metaspace       used 88874K, committed 89792K, reserved 557056K
  class space    used 12513K, committed 12928K, reserved 425984K
}
Event: 40.260 GC heap before
{Heap before GC invocations=44 (full 0):
 garbage-first heap   total 202752K, used 102867K [0x0000000080000000, 0x0000000100000000)
  region size 1024K, 10 young (10240K), 9 survivors (9216K)
 Metaspace       used 88949K, committed 89856K, reserved 557056K
  class space    used 12533K, committed 12928K, reserved 425984K
}
Event: 40.276 GC heap after
{Heap after GC invocations=45 (full 0):
 garbage-first heap   total 202752K, used 103884K [0x0000000080000000, 0x0000000100000000)
  region size 1024K, 2 young (2048K), 2 survivors (2048K)
 Metaspace       used 88949K, committed 89856K, reserved 557056K
  class space    used 12533K, committed 12928K, reserved 425984K
}
Event: 41.869 GC heap before
{Heap before GC invocations=45 (full 0):
 garbage-first heap   total 202752K, used 164300K [0x0000000080000000, 0x0000000100000000)
  region size 1024K, 58 young (59392K), 2 survivors (2048K)
 Metaspace       used 91330K, committed 92288K, reserved 557056K
  class space    used 12806K, committed 13248K, reserved 425984K
}
Event: 41.884 GC heap after
{Heap after GC invocations=46 (full 0):
 garbage-first heap   total 202752K, used 120559K [0x0000000080000000, 0x0000000100000000)
  region size 1024K, 8 young (8192K), 8 survivors (8192K)
 Metaspace       used 91330K, committed 92288K, reserved 557056K
  class space    used 12806K, committed 13248K, reserved 425984K
}
Event: 43.314 GC heap before
{Heap before GC invocations=47 (full 0):
 garbage-first heap   total 214016K, used 164591K [0x0000000080000000, 0x0000000100000000)
  region size 1024K, 48 young (49152K), 8 survivors (8192K)
 Metaspace       used 92211K, committed 93248K, reserved 557056K
  class space    used 12932K, committed 13440K, reserved 425984K
}
Event: 43.331 GC heap after
{Heap after GC invocations=48 (full 0):
 garbage-first heap   total 214016K, used 131642K [0x0000000080000000, 0x0000000100000000)
  region size 1024K, 6 young (6144K), 6 survivors (6144K)
 Metaspace       used 92211K, committed 93248K, reserved 557056K
  class space    used 12932K, committed 13440K, reserved 425984K
}
Event: 43.437 GC heap before
{Heap before GC invocations=48 (full 0):
 garbage-first heap   total 214016K, used 135738K [0x0000000080000000, 0x0000000100000000)
  region size 1024K, 10 young (10240K), 6 survivors (6144K)
 Metaspace       used 92408K, committed 93376K, reserved 557056K
  class space    used 12972K, committed 13440K, reserved 425984K
}
Event: 43.452 GC heap after
{Heap after GC invocations=49 (full 0):
 garbage-first heap   total 440320K, used 132775K [0x0000000080000000, 0x0000000100000000)
  region size 1024K, 1 young (1024K), 1 survivors (1024K)
 Metaspace       used 92408K, committed 93376K, reserved 557056K
  class space    used 12972K, committed 13440K, reserved 425984K
}
Event: 46.541 GC heap before
{Heap before GC invocations=49 (full 0):
 garbage-first heap   total 440320K, used 304807K [0x0000000080000000, 0x0000000100000000)
  region size 1024K, 169 young (173056K), 1 survivors (1024K)
 Metaspace       used 98159K, committed 99200K, reserved 557056K
  class space    used 13755K, committed 14272K, reserved 425984K
}
Event: 46.577 GC heap after
{Heap after GC invocations=50 (full 0):
 garbage-first heap   total 440320K, used 150599K [0x0000000080000000, 0x0000000100000000)
  region size 1024K, 19 young (19456K), 19 survivors (19456K)
 Metaspace       used 98159K, committed 99200K, reserved 557056K
  class space    used 13755K, committed 14272K, reserved 425984K
}
Event: 50.540 GC heap before
{Heap before GC invocations=50 (full 0):
 garbage-first heap   total 440320K, used 330823K [0x0000000080000000, 0x0000000100000000)
  region size 1024K, 192 young (196608K), 19 survivors (19456K)
 Metaspace       used 103518K, committed 104704K, reserved 557056K
  class space    used 14485K, committed 15040K, reserved 425984K
}
Event: 50.608 GC heap after
{Heap after GC invocations=51 (full 0):
 garbage-first heap   total 440320K, used 180347K [0x0000000080000000, 0x0000000100000000)
  region size 1024K, 24 young (24576K), 24 survivors (24576K)
 Metaspace       used 103518K, committed 104704K, reserved 557056K
  class space    used 14485K, committed 15040K, reserved 425984K
}
Event: 53.529 GC heap before
{Heap before GC invocations=51 (full 0):
 garbage-first heap   total 440320K, used 337019K [0x0000000080000000, 0x0000000100000000)
  region size 1024K, 173 young (177152K), 24 survivors (24576K)
 Metaspace       used 106774K, committed 108032K, reserved 557056K
  class space    used 14766K, committed 15360K, reserved 425984K
}
Event: 53.581 GC heap after
{Heap after GC invocations=52 (full 0):
 garbage-first heap   total 440320K, used 196096K [0x0000000080000000, 0x0000000100000000)
  region size 1024K, 15 young (15360K), 15 survivors (15360K)
 Metaspace       used 106774K, committed 108032K, reserved 557056K
  class space    used 14766K, committed 15360K, reserved 425984K
}

