# JRE version: OpenJDK Runtime Environment Microsoft-8035246 (17.0.8+7) (build 17.0.8+7-LTS)
# Java VM: OpenJDK 64-Bit Server VM Microsoft-8035246 (17.0.8+7-LTS, mixed mode, sharing, tiered, compressed oops, compressed class ptrs, g1 gc, windows-amd64)
GC Precious Log:
 CPUs: 4 total, 4 available
 Memory: 8058M
 Large Page Support: Disabled
 NUMA Support: Disabled
 Compressed Oops: Enabled (32-bit)
 Heap Region Size: 1M
 Heap Min Capacity: 8M
 Heap Initial Capacity: 126M
 Heap Max Capacity: 2G
 Pre-touch: Disabled
 Parallel Workers: 4
 Concurrent Workers: 1
 Concurrent Refinement Workers: 4
 Periodic GC: Disabled
Heap:
 garbage-first heap   total 401408K, used 203766K [0x0000000080000000, 0x0000000100000000)
  region size 1024K, 60 young (61440K), 15 survivors (15360K)
 Metaspace       used 106796K, committed 107776K, reserved 557056K
  class space    used 14728K, committed 15232K, reserved 425984K
GC Heap History (20 events):
Event: 34.323 GC heap before
{Heap before GC invocations=43 (full 0):
 garbage-first heap   total 200704K, used 139813K [0x0000000080000000, 0x0000000100000000)
  region size 1024K, 52 young (53248K), 3 survivors (3072K)
 Metaspace       used 83471K, committed 84224K, reserved 557056K
  class space    used 11502K, committed 11840K, reserved 425984K
}
Event: 34.333 GC heap after
{Heap after GC invocations=44 (full 0):
 garbage-first heap   total 200704K, used 93070K [0x0000000080000000, 0x0000000100000000)
  region size 1024K, 6 young (6144K), 6 survivors (6144K)
 Metaspace       used 83471K, committed 84224K, reserved 557056K
  class space    used 11502K, committed 11840K, reserved 425984K
}
Event: 35.318 GC heap before
{Heap before GC invocations=44 (full 0):
 garbage-first heap   total 200704K, used 145294K [0x0000000080000000, 0x0000000100000000)
  region size 1024K, 57 young (58368K), 6 survivors (6144K)
 Metaspace       used 86663K, committed 87424K, reserved 557056K
  class space    used 11944K, committed 12288K, reserved 425984K
}
Event: 35.329 GC heap after
{Heap after GC invocations=45 (full 0):
 garbage-first heap   total 200704K, used 96457K [0x0000000080000000, 0x0000000100000000)
  region size 1024K, 6 young (6144K), 6 survivors (6144K)
 Metaspace       used 86663K, committed 87424K, reserved 557056K
  class space    used 11944K, committed 12288K, reserved 425984K
}
Event: 36.443 GC heap before
{Heap before GC invocations=45 (full 0):
 garbage-first heap   total 200704K, used 150729K [0x0000000080000000, 0x0000000100000000)
  region size 1024K, 59 young (60416K), 6 survivors (6144K)
 Metaspace       used 90340K, committed 91136K, reserved 557056K
  class space    used 12608K, committed 12992K, reserved 425984K
}
Event: 36.455 GC heap after
{Heap after GC invocations=46 (full 0):
 garbage-first heap   total 200704K, used 97363K [0x0000000080000000, 0x0000000100000000)
  region size 1024K, 5 young (5120K), 5 survivors (5120K)
 Metaspace       used 90340K, committed 91136K, reserved 557056K
  class space    used 12608K, committed 12992K, reserved 425984K
}
Event: 37.525 GC heap before
{Heap before GC invocations=47 (full 0):
 garbage-first heap   total 200704K, used 153683K [0x0000000080000000, 0x0000000100000000)
  region size 1024K, 60 young (61440K), 5 survivors (5120K)
 Metaspace       used 92958K, committed 93760K, reserved 557056K
  class space    used 12973K, committed 13312K, reserved 425984K
}
Event: 37.541 GC heap after
{Heap after GC invocations=48 (full 0):
 garbage-first heap   total 200704K, used 101186K [0x0000000080000000, 0x0000000100000000)
  region size 1024K, 8 young (8192K), 8 survivors (8192K)
 Metaspace       used 92958K, committed 93760K, reserved 557056K
  class space    used 12973K, committed 13312K, reserved 425984K
}
Event: 37.588 GC heap before
{Heap before GC invocations=48 (full 0):
 garbage-first heap   total 200704K, used 102210K [0x0000000080000000, 0x0000000100000000)
  region size 1024K, 9 young (9216K), 8 survivors (8192K)
 Metaspace       used 92974K, committed 93760K, reserved 557056K
  class space    used 12976K, committed 13312K, reserved 425984K
}
Event: 37.613 GC heap after
{Heap after GC invocations=49 (full 0):
 garbage-first heap   total 200704K, used 101812K [0x0000000080000000, 0x0000000100000000)
  region size 1024K, 2 young (2048K), 2 survivors (2048K)
 Metaspace       used 92974K, committed 93760K, reserved 557056K
  class space    used 12976K, committed 13312K, reserved 425984K
}
Event: 38.896 GC heap before
{Heap before GC invocations=49 (full 0):
 garbage-first heap   total 200704K, used 156084K [0x0000000080000000, 0x0000000100000000)
  region size 1024K, 56 young (57344K), 2 survivors (2048K)
 Metaspace       used 94715K, committed 95616K, reserved 557056K
  class space    used 13237K, committed 13632K, reserved 425984K
}
Event: 38.908 GC heap after
{Heap after GC invocations=50 (full 0):
 garbage-first heap   total 200704K, used 106965K [0x0000000080000000, 0x0000000100000000)
  region size 1024K, 7 young (7168K), 7 survivors (7168K)
 Metaspace       used 94715K, committed 95616K, reserved 557056K
  class space    used 13237K, committed 13632K, reserved 425984K
}
Event: 40.253 GC heap before
{Heap before GC invocations=51 (full 0):
 garbage-first heap   total 200704K, used 163285K [0x0000000080000000, 0x0000000100000000)
  region size 1024K, 57 young (58368K), 7 survivors (7168K)
 Metaspace       used 95452K, committed 96384K, reserved 557056K
  class space    used 13316K, committed 13760K, reserved 425984K
}
Event: 40.276 GC heap after
{Heap after GC invocations=52 (full 0):
 garbage-first heap   total 200704K, used 127232K [0x0000000080000000, 0x0000000100000000)
  region size 1024K, 8 young (8192K), 8 survivors (8192K)
 Metaspace       used 95452K, committed 96384K, reserved 557056K
  class space    used 13316K, committed 13760K, reserved 425984K
}
Event: 40.300 GC heap before
{Heap before GC invocations=52 (full 0):
 garbage-first heap   total 200704K, used 128256K [0x0000000080000000, 0x0000000100000000)
  region size 1024K, 9 young (9216K), 8 survivors (8192K)
 Metaspace       used 95469K, committed 96384K, reserved 557056K
  class space    used 13316K, committed 13760K, reserved 425984K
}
Event: 40.308 GC heap after
{Heap after GC invocations=53 (full 0):
 garbage-first heap   total 401408K, used 128032K [0x0000000080000000, 0x0000000100000000)
  region size 1024K, 1 young (1024K), 1 survivors (1024K)
 Metaspace       used 95469K, committed 96384K, reserved 557056K
  class space    used 13316K, committed 13760K, reserved 425984K
}
Event: 44.108 GC heap before
{Heap before GC invocations=53 (full 0):
 garbage-first heap   total 401408K, used 276512K [0x0000000080000000, 0x0000000100000000)
  region size 1024K, 145 young (148480K), 1 survivors (1024K)
 Metaspace       used 103031K, committed 104000K, reserved 557056K
  class space    used 14339K, committed 14784K, reserved 425984K
}
Event: 44.142 GC heap after
{Heap after GC invocations=54 (full 0):
 garbage-first heap   total 401408K, used 144931K [0x0000000080000000, 0x0000000100000000)
  region size 1024K, 16 young (16384K), 16 survivors (16384K)
 Metaspace       used 103031K, committed 104000K, reserved 557056K
  class space    used 14339K, committed 14784K, reserved 425984K
}
Event: 47.007 GC heap before
{Heap before GC invocations=54 (full 0):
 garbage-first heap   total 401408K, used 292387K [0x0000000080000000, 0x0000000100000000)
  region size 1024K, 156 young (159744K), 16 survivors (16384K)
 Metaspace       used 106792K, committed 107776K, reserved 557056K
  class space    used 14727K, committed 15232K, reserved 425984K
}
Event: 47.056 GC heap after
{Heap after GC invocations=55 (full 0):
 garbage-first heap   total 401408K, used 159734K [0x0000000080000000, 0x0000000100000000)
  region size 1024K, 15 young (15360K), 15 survivors (15360K)
 Metaspace       used 106792K, committed 107776K, reserved 557056K
  class space    used 14727K, committed 15232K, reserved 425984K
}

